Writing PID to tmp/pids/thin.pid
Using rack adapter
Thin web server (v1.6.4 codename Gob Bluth)
Maximum connections set to 1024
Listening on 0.0.0.0:8000, CTRL+C to stop
Exiting!
Writing PID to tmp/pids/thin.pid
Using rack adapter
Thin web server (v1.6.4 codename Gob Bluth)
Maximum connections set to 1024
Listening on 0.0.0.0:8000, CTRL+C to stop
Restarting ...
Waiting for 1 connection(s) to finish, can take up to 30 sec, CTRL+C to stop now
Writing PID to tmp/pids/thin.pid
Using rack adapter
Thin web server (v1.6.4 codename Gob Bluth)
Maximum connections set to 1024
Listening on 0.0.0.0:8000, CTRL+C to stop
Restarting ...
Waiting for 1 connection(s) to finish, can take up to 30 sec, CTRL+C to stop now
Writing PID to tmp/pids/thin.pid
Using rack adapter
Thin web server (v1.6.4 codename Gob Bluth)
Maximum connections set to 1024
Listening on 0.0.0.0:8000, CTRL+C to stop
Restarting ...
Writing PID to tmp/pids/thin.pid
Using rack adapter
Thin web server (v1.6.4 codename Gob Bluth)
Maximum connections set to 1024
Listening on 0.0.0.0:8000, CTRL+C to stop
